<?xml version="1.0" encoding="UTF-8"?>
<testsuite name="cleanTest.WhenDoTest" tests="3" skipped="0" failures="0" errors="0" timestamp="2021-07-31T13:19:53" hostname="DESKTOP-DMQDE3P" time="73.208">
  <properties/>
  <testcase name="verifyUpdateTask()" classname="cleanTest.WhenDoTest" time="25.119"/>
  <testcase name="verifyCreateTask()" classname="cleanTest.WhenDoTest" time="15.371"/>
  <testcase name="verifyDeleteTask()" classname="cleanTest.WhenDoTest" time="32.715"/>
  <system-out><![CDATA[]]></system-out>
  <system-err><![CDATA[jul. 31, 2021 10:20:08 A. M. io.appium.java_client.remote.AppiumCommandExecutor$1 lambda$0
INFO: Detected dialect: W3C
jul. 31, 2021 10:20:28 A. M. io.appium.java_client.remote.AppiumCommandExecutor$1 lambda$0
INFO: Detected dialect: W3C
jul. 31, 2021 10:20:43 A. M. io.appium.java_client.remote.AppiumCommandExecutor$1 lambda$0
INFO: Detected dialect: W3C
]]></system-err>
</testsuite>
